2023-08-06 03:38:01.470626 - Initialized conversion of CBT358
2023-08-06 03:38:01.711674 - Received CBT.V505.FILE358.PDS from FILE358.XMI 
2023-08-06 03:38:01.714395 - Found $$$#DATE.txt (text/plain) in CBT.V505.FILE358.PDS, moved to PDS/$$$#DATE
2023-08-06 03:38:01.715499 - Found $$$NOTE1.txt (text/plain) in CBT.V505.FILE358.PDS, moved to PDS/$$$NOTE1
2023-08-06 03:38:01.716655 - Found $$CHANGE.txt (text/plain) in CBT.V505.FILE358.PDS, moved to PDS/$$CHANGE
2023-08-06 03:38:01.717682 - Found $$DESCR.txt (text/plain) in CBT.V505.FILE358.PDS, moved to PDS/$$DESCR
2023-08-06 03:38:01.718759 - Found $$INFO.txt (text/plain) in CBT.V505.FILE358.PDS, moved to PDS/$$INFO
2023-08-06 03:38:01.719778 - Found $$INSTAL.txt (text/plain) in CBT.V505.FILE358.PDS, moved to PDS/$$INSTAL
2023-08-06 03:38:01.720815 - Found $$NEWDOC.txt (text/plain) in CBT.V505.FILE358.PDS, moved to PDS/$$NEWDOC
2023-08-06 03:38:01.721777 - Found $ACTIVE.txt (text/plain) in CBT.V505.FILE358.PDS, moved to PDS/$ACTIVE
2023-08-06 03:38:01.722813 - Found $ASM.txt (text/plain) in CBT.V505.FILE358.PDS, moved to PDS/$ASM
2023-08-06 03:38:01.723785 - Found $JOURNAL.txt (text/plain) in CBT.V505.FILE358.PDS, moved to PDS/$JOURNAL
2023-08-06 03:38:01.724769 - Found $RECEIVE.rexx (text/plain) in CBT.V505.FILE358.PDS, moved to PDS/$RECEIVE
2023-08-06 03:38:01.725751 - Found @FILE358.txt (text/plain) in CBT.V505.FILE358.PDS, moved to PDS/@FILE358
2023-08-06 03:38:01.970280 - Found ASM.xmi (application/xmit) in CBT.V505.FILE358.PDS
2023-08-06 03:38:01.987487   - Received to CBT358/SOUTSYS.ASM
2023-08-06 03:38:01.988472 - Found IEALPA00.txt (text/plain) in CBT.V505.FILE358.PDS, moved to PDS/IEALPA00
2023-08-06 03:38:01.989370 - Found ISPFSOUT.txt (text/plain) in CBT.V505.FILE358.PDS, moved to PDS/ISPFSOUT
2023-08-06 03:38:01.996769 - Found ISPMLIB.xmi (application/xmit) in CBT.V505.FILE358.PDS
2023-08-06 03:38:02.000345   - Received to CBT358/SOUTSYS.ISPMLIB
2023-08-06 03:38:02.045795 - Found ISPPLIB.xmi (application/xmit) in CBT.V505.FILE358.PDS
2023-08-06 03:38:02.057057   - Received to CBT358/SOUTSYS.ISPPLIB
2023-08-06 03:38:02.066133 - Found ISPSLIB.xmi (application/xmit) in CBT.V505.FILE358.PDS
2023-08-06 03:38:02.069686   - Received to CBT358/SOUTSYS.ISPSLIB
2023-08-06 03:38:02.254438 - Found MACLIB.xmi (application/xmit) in CBT.V505.FILE358.PDS
2023-08-06 03:38:02.286515   - Received to CBT358/SOUTSYS.MACLIB
2023-08-06 03:38:02.306902 - Found PARMLIB.xmi (application/xmit) in CBT.V505.FILE358.PDS
2023-08-06 03:38:02.312635   - Received to CBT358/SOUTSYS.PARMLIB
2023-08-06 03:38:02.338497 - Found PROCLIB.xmi (application/xmit) in CBT.V505.FILE358.PDS
2023-08-06 03:38:02.344338   - Received to CBT358/SOUTSYS.PROCLIB
